TACC:  Starting up job 222379 
TACC:  Starting parallel tasks... 
Hello world!  I am process-0 on host c145-022.frontera.tacc.utexas.edu
Hello world!  I am process-1 on host c145-022.frontera.tacc.utexas.edu
TACC:  Shutdown complete. Exiting. 
TACC:  Starting up job 222379 
TACC:  Starting parallel tasks... 
# OSU MPI Latency Test v5.6.2
# Size          Latency (us)
0                       0.22
1                       0.22
2                       0.22
4                       0.22
8                       0.22
16                      0.23
32                      0.25
64                      0.27
128                     0.30
256                     0.32
512                     0.40
1024                    0.51
2048                    0.66
4096                    1.00
8192                    1.70
16384                   3.09
32768                   4.86
65536                   4.06
131072                  6.79
262144                 12.43
524288                 26.54
1048576                81.49
2097152               207.01
4194304               431.60
TACC:  Shutdown complete. Exiting. 
