TACC:  Starting up job 222379 
TACC:  Starting parallel tasks... 
Hello world!  I am process-0 on host c145-022.frontera.tacc.utexas.edu
Hello world!  I am process-1 on host c145-023.frontera.tacc.utexas.edu
TACC:  Shutdown complete. Exiting. 
TACC:  Starting up job 222379 
TACC:  Starting parallel tasks... 
# OSU MPI Latency Test v5.6.2
# Size          Latency (us)
0                       1.16
1                       1.20
2                       1.19
4                       1.19
8                       1.19
16                      1.23
32                      1.23
64                      1.23
128                     1.28
256                     1.69
512                     1.77
1024                    1.93
2048                    2.30
4096                    3.40
8192                    4.56
16384                   7.36
32768                   9.53
65536                  12.43
131072                 21.63
262144                 32.55
524288                 54.73
1048576                96.91
2097152               182.18
4194304               352.09
TACC:  Shutdown complete. Exiting. 
