TACC:  Starting up job 222379 
TACC:  Starting parallel tasks... 
Hello world!  I am process-0 on host c145-022.frontera.tacc.utexas.edu
Hello world!  I am process-1 on host c145-023.frontera.tacc.utexas.edu
TACC:  Shutdown complete. Exiting. 
TACC:  Starting up job 222379 
TACC:  Starting parallel tasks... 
# OSU MPI Latency Test v5.6.2
# Size          Latency (us)
0                       1.15
1                       1.14
2                       1.14
4                       1.14
8                       1.13
16                      1.13
32                      1.15
64                      1.20
128                     1.22
256                     1.70
512                     1.53
1024                    1.70
2048                    2.25
4096                    3.00
8192                    3.98
16384                   5.49
32768                   9.76
65536                  12.74
131072                 18.44
262144                 33.23
524288                 56.55
1048576               100.07
2097152               184.95
4194304               356.57
TACC:  Shutdown complete. Exiting. 
