TACC:  Starting up job 222379 
TACC:  Starting parallel tasks... 
Hello world!  I am process-0 on host c145-022.frontera.tacc.utexas.edu
Hello world!  I am process-1 on host c145-023.frontera.tacc.utexas.edu
TACC:  Shutdown complete. Exiting. 
TACC:  Starting up job 222379 
TACC:  Starting parallel tasks... 
# OSU MPI Latency Test v5.6.2
# Size          Latency (us)
0                       1.16
1                       1.19
2                       1.19
4                       1.19
8                       1.19
16                      1.22
32                      1.22
64                      1.22
128                     1.27
256                     1.69
512                     1.78
1024                    1.93
2048                    2.31
4096                    3.36
8192                    4.64
16384                   7.39
32768                   9.54
65536                  12.44
131072                 21.55
262144                 32.47
524288                 54.28
1048576                97.03
2097152               185.47
4194304               352.55
TACC:  Shutdown complete. Exiting. 
